(S_right_t1 S_right_t2 S_right_t3) -> (S_right_t1 S_right_t2 S_right_t3) with (S_t1 S_t2 S_t3 S_left_t1 S_left_t2 S_left_t3)

init_1:
	entry
	S_t1 <- 'BLANK
	S_t2 <- 'BLANK
	S_t3 <- 'BLANK
	assert((((S_t1 = 'BLANK) && (S_t2 = 'BLANK)) && (S_t3 = 'BLANK)))
	S_t3 ^= 'BLANK
	S_t2 ^= 'BLANK
	S_t1 ^= 'BLANK
	S_t1 ^= 'BLANK
	S_t2 ^= 'BLANK
	S_t3 ^= 'BLANK
	assert((((S_t1 = 'BLANK) && (S_t2 = 'BLANK)) && (S_t3 = 'BLANK)))
	goto symbol2_1_13

symbol2_1_13:
	fi (((S_t1 = '0) && (S_t2 = 'BLANK)) && (S_t3 = 'BLANK))
		from symbol2_1_86
		else init_1
	if ((S_left_t1 = 'nil) && (S_t1 = 'BLANK))
		goto save_right_1b_t1_1_18
		else save_right_1p_t1_1_18

save_right_1b_t1_1_18:
	from symbol2_1_13
	S_t1 ^= 'BLANK
	goto save_right_d_t1_1_18

save_right_d_t1_1_18:
	fi (S_left_t1 = 'nil)
		from save_right_1b_t1_1_18
		else save_right_1p_t1_1_18
	if (S_right_t1 = 'nil)
		goto load_right_2b_t1_1_18
		else load_right_2p_t1_1_18

load_right_2b_t1_1_18:
	from save_right_d_t1_1_18
	S_t1 ^= 'BLANK
	goto load_right_d_t1_1_18

load_right_d_t1_1_18:
	fi ((S_right_t1 = 'nil) && (S_t1 = 'BLANK))
		from load_right_2b_t1_1_18
		else load_right_2p_t1_1_18
	if (((S_t1 = 'BLANK) && (S_t2 = 'BLANK)) && (S_t3 = 'BLANK))
		goto symbol1_1_22
		else symbol2_1_22

symbol1_1_22:
	from load_right_d_t1_1_18
	S_t3 ^= 'BLANK
	S_t2 ^= 'BLANK
	S_t1 ^= 'BLANK
	S_t1 ^= 'BLANK
	S_t2 ^= 'BLANK
	S_t3 ^= 'BLANK
	assert((((S_t1 = 'BLANK) && (S_t2 = 'BLANK)) && (S_t3 = 'BLANK)))
	goto symbol2_1_28

symbol2_1_28:
	fi (((S_t1 = '1) && (S_t2 = 'BLANK)) && (S_t3 = 'BLANK))
		from symbol2_1_40
		else symbol1_1_22
	goto symbol2_1_31

symbol2_1_31:
	fi (((S_t1 = '0) && (S_t2 = 'BLANK)) && (S_t3 = 'BLANK))
		from symbol1_1_86
		else symbol2_1_28
	if ((S_right_t1 = 'nil) && (S_t1 = 'BLANK))
		goto save_left_1b_t1_1_36
		else save_left_1p_t1_1_36

save_left_1b_t1_1_36:
	from symbol2_1_31
	S_t1 ^= 'BLANK
	goto save_left_d_t1_1_36

save_left_d_t1_1_36:
	fi (S_right_t1 = 'nil)
		from save_left_1b_t1_1_36
		else save_left_1p_t1_1_36
	if (S_left_t1 = 'nil)
		goto load_left_2b_t1_1_36
		else load_left_2p_t1_1_36

load_left_2b_t1_1_36:
	from save_left_d_t1_1_36
	S_t1 ^= 'BLANK
	goto load_left_d_t1_1_36

load_left_d_t1_1_36:
	fi ((S_left_t1 = 'nil) && (S_t1 = 'BLANK))
		from load_left_2b_t1_1_36
		else load_left_2p_t1_1_36
	if (((S_t1 = 'BLANK) && (S_t2 = 'BLANK)) && (S_t3 = 'BLANK))
		goto symbol1_1_40
		else symbol2_1_40

symbol1_1_40:
	from load_left_d_t1_1_36
	S_t3 ^= 'BLANK
	S_t2 ^= 'BLANK
	S_t1 ^= 'BLANK
	S_t1 ^= 'BLANK
	S_t2 ^= 'BLANK
	S_t3 ^= 'BLANK
	assert((((S_t1 = 'BLANK) && (S_t2 = 'BLANK)) && (S_t3 = 'BLANK)))
	S_t3 ^= 'BLANK
	S_t2 ^= 'BLANK
	S_t1 ^= 'BLANK
	exit

symbol2_1_40:
	from load_left_d_t1_1_36
	assert((((S_t1 = '0) && (S_t2 = 'BLANK)) && (S_t3 = 'BLANK)))
	S_t3 ^= 'BLANK
	S_t2 ^= 'BLANK
	S_t1 ^= '0
	S_t1 ^= '1
	S_t2 ^= 'BLANK
	S_t3 ^= 'BLANK
	goto symbol2_1_28

load_left_2p_t1_1_36:
	from save_left_d_t1_1_36
	(S_t1 . S_left_t1) <- S_left_t1
	goto load_left_d_t1_1_36

save_left_1p_t1_1_36:
	from symbol2_1_31
	S_right_t1 <- (S_t1 . S_right_t1)
	goto save_left_d_t1_1_36

symbol2_1_22:
	from load_right_d_t1_1_18
	if (((S_t1 = '1) && (S_t2 = 'BLANK)) && (S_t3 = 'BLANK))
		goto symbol1_1_86
		else symbol2_1_86

symbol1_1_86:
	from symbol2_1_22
	S_t3 ^= 'BLANK
	S_t2 ^= 'BLANK
	S_t1 ^= '1
	S_t1 ^= '0
	S_t2 ^= 'BLANK
	S_t3 ^= 'BLANK
	goto symbol2_1_31

symbol2_1_86:
	from symbol2_1_22
	assert((((S_t1 = '0) && (S_t2 = 'BLANK)) && (S_t3 = 'BLANK)))
	S_t3 ^= 'BLANK
	S_t2 ^= 'BLANK
	S_t1 ^= '0
	S_t1 ^= '0
	S_t2 ^= 'BLANK
	S_t3 ^= 'BLANK
	goto symbol2_1_13

load_right_2p_t1_1_18:
	from save_right_d_t1_1_18
	(S_t1 . S_right_t1) <- S_right_t1
	goto load_right_d_t1_1_18

save_right_1p_t1_1_18:
	from symbol2_1_13
	S_left_t1 <- (S_t1 . S_left_t1)
	goto save_right_d_t1_1_18
