(S_right_t1 S_right_t2 S_right_t3) -> (S_right_t1 S_right_t2 S_right_t3) with (S_t1 S_t2 S_t3 S_left_t1 S_left_t2 S_left_t3)

init_1:
	entry
	S_t1 <- 'BLANK
	S_t2 <- 'BLANK
	S_t3 <- 'BLANK
	assert((((S_t1 = 'BLANK) && (S_t2 = 'BLANK)) && (S_t3 = 'BLANK)))
	S_t3 ^= 'BLANK
	S_t2 ^= 'BLANK
	S_t1 ^= 'BLANK
	S_t1 ^= 'BLANK
	S_t2 ^= 'BLANK
	S_t3 ^= 'BLANK
	assert((((S_t1 = 'BLANK) && (S_t2 = 'BLANK)) && (S_t3 = 'BLANK)))
	goto symbol_1_28

symbol_1_28:
	fi (((S_t1 = '0) && (S_t2 = 'BLANK)) && (S_t3 = 'BLANK))
		from symbol_1_86
		else init_1
	if ((S_left_t1 = 'nil) && (S_t1 = 'BLANK))
		goto load_left_2b_t1_1_31
		else load_left_2p_t1_1_31

load_left_2b_t1_1_31:
	from symbol_1_28
	S_t1 ^= 'BLANK
	goto load_left_t1_1_31

load_left_t1_1_31:
	fi (S_left_t1 = 'nil)
		from load_left_2b_t1_1_31
		else load_left_2p_t1_1_31
	if (S_right_t1 = 'nil)
		goto save_left_1b_t1_1_31
		else save_left_1p_t1_1_31

save_left_1b_t1_1_31:
	from load_left_t1_1_31
	S_t1 ^= 'BLANK
	goto save_left_t1_1_31

save_left_t1_1_31:
	fi ((S_right_t1 = 'nil) && (S_t1 = 'BLANK))
		from save_left_1b_t1_1_31
		else save_left_1p_t1_1_31
	if (((S_t1 = 'BLANK) && (S_t2 = 'BLANK)) && (S_t3 = 'BLANK))
		goto symbol1_1_37
		else symbol_1_37

symbol1_1_37:
	from save_left_t1_1_31
	S_t3 ^= 'BLANK
	S_t2 ^= 'BLANK
	S_t1 ^= 'BLANK
	S_t1 ^= 'BLANK
	S_t2 ^= 'BLANK
	S_t3 ^= 'BLANK
	assert((((S_t1 = 'BLANK) && (S_t2 = 'BLANK)) && (S_t3 = 'BLANK)))
	goto symbol_1_43

symbol_1_43:
	fi (((S_t1 = '1) && (S_t2 = 'BLANK)) && (S_t3 = 'BLANK))
		from symbol_1_55
		else symbol1_1_37
	goto symbol_1_46

symbol_1_46:
	fi (((S_t1 = '0) && (S_t2 = 'BLANK)) && (S_t3 = 'BLANK))
		from symbol1_1_86
		else symbol_1_43
	if ((S_right_t1 = 'nil) && (S_t1 = 'BLANK))
		goto load_right_2b_t1_1_49
		else load_right_2p_t1_1_49

load_right_2b_t1_1_49:
	from symbol_1_46
	S_t1 ^= 'BLANK
	goto load_right_t1_1_49

load_right_t1_1_49:
	fi (S_right_t1 = 'nil)
		from load_right_2b_t1_1_49
		else load_right_2p_t1_1_49
	if (S_left_t1 = 'nil)
		goto save_right_1b_t1_1_49
		else save_right_1p_t1_1_49

save_right_1b_t1_1_49:
	from load_right_t1_1_49
	S_t1 ^= 'BLANK
	goto save_right_t1_1_49

save_right_t1_1_49:
	fi ((S_left_t1 = 'nil) && (S_t1 = 'BLANK))
		from save_right_1b_t1_1_49
		else save_right_1p_t1_1_49
	if (((S_t1 = 'BLANK) && (S_t2 = 'BLANK)) && (S_t3 = 'BLANK))
		goto symbol1_1_55
		else symbol_1_55

symbol1_1_55:
	from save_right_t1_1_49
	S_t3 ^= 'BLANK
	S_t2 ^= 'BLANK
	S_t1 ^= 'BLANK
	S_t1 ^= 'BLANK
	S_t2 ^= 'BLANK
	S_t3 ^= 'BLANK
	assert((((S_t1 = 'BLANK) && (S_t2 = 'BLANK)) && (S_t3 = 'BLANK)))
	S_t3 ^= 'BLANK
	S_t2 ^= 'BLANK
	S_t1 ^= 'BLANK
	exit

symbol_1_55:
	from save_right_t1_1_49
	assert((((S_t1 = '0) && (S_t2 = 'BLANK)) && (S_t3 = 'BLANK)))
	S_t3 ^= 'BLANK
	S_t2 ^= 'BLANK
	S_t1 ^= '0
	S_t1 ^= '1
	S_t2 ^= 'BLANK
	S_t3 ^= 'BLANK
	goto symbol_1_43

save_right_1p_t1_1_49:
	from load_right_t1_1_49
	(S_t1 . S_left_t1) <- S_left_t1
	goto save_right_t1_1_49

load_right_2p_t1_1_49:
	from symbol_1_46
	S_right_t1 <- (S_t1 . S_right_t1)
	goto load_right_t1_1_49

symbol_1_37:
	from save_left_t1_1_31
	if (((S_t1 = '1) && (S_t2 = 'BLANK)) && (S_t3 = 'BLANK))
		goto symbol1_1_86
		else symbol_1_86

symbol1_1_86:
	from symbol_1_37
	S_t3 ^= 'BLANK
	S_t2 ^= 'BLANK
	S_t1 ^= '1
	S_t1 ^= '0
	S_t2 ^= 'BLANK
	S_t3 ^= 'BLANK
	goto symbol_1_46

symbol_1_86:
	from symbol_1_37
	assert((((S_t1 = '0) && (S_t2 = 'BLANK)) && (S_t3 = 'BLANK)))
	S_t3 ^= 'BLANK
	S_t2 ^= 'BLANK
	S_t1 ^= '0
	S_t1 ^= '0
	S_t2 ^= 'BLANK
	S_t3 ^= 'BLANK
	goto symbol_1_28

save_left_1p_t1_1_31:
	from load_left_t1_1_31
	(S_t1 . S_right_t1) <- S_right_t1
	goto save_left_t1_1_31

load_left_2p_t1_1_31:
	from symbol_1_28
	S_left_t1 <- (S_t1 . S_left_t1)
	goto load_left_t1_1_31
