(S_right_t1 S_right_t2 S_right_t3) -> (S_right_t1 S_right_t2 S_right_t3) with (S_t1 S_t2 S_t3 S_left_t1 S_left_t2 S_left_t3)

init_1:
	entry
	S_t1 <- 'BLANK
	S_t2 <- 'BLANK
	S_t3 <- 'BLANK
	assert((((S_t1 = 'BLANK) && (S_t2 = 'BLANK)) && (S_t3 = 'BLANK)))
	S_t3 ^= 'BLANK
	S_t3 ^= 'BLANK
	S_t2 ^= 'BLANK
	S_t2 ^= 'BLANK
	S_t1 ^= 'BLANK
	S_t1 ^= 'BLANK
	assert((((S_t1 = 'BLANK) && (S_t2 = 'BLANK)) && (S_t3 = 'BLANK)))
	goto act1_1_27

act1_1_27:
	fi (((S_t1 = '0) && (S_t2 = 'BLANK)) && (S_t3 = 'BLANK))
		from act1_1_78
		else init_1
	if ((S_left_t1 = 'nil) && (S_t1 = 'BLANK))
		goto left_2b_t1_1_29
		else left_2p_t1_1_29

left_2b_t1_1_29:
	from act1_1_27
	S_t1 ^= 'BLANK
	goto left1_t1_1_29

left1_t1_1_29:
	fi (S_left_t1 = 'nil)
		from left_2b_t1_1_29
		else left_2p_t1_1_29
	if (S_right_t1 = 'nil)
		goto left_1b_t1_1_29
		else left_1p_t1_1_29

left_1b_t1_1_29:
	from left1_t1_1_29
	S_t1 ^= 'BLANK
	goto left_t1_1_29

left_t1_1_29:
	fi ((S_right_t1 = 'nil) && (S_t1 = 'BLANK))
		from left_1b_t1_1_29
		else left_1p_t1_1_29
	assert(!((((S_t1 = 'SLASH) && (S_t2 = 'SLASH)) && (S_t3 = 'SLASH))))
	if (((S_t1 = 'BLANK) && (S_t2 = 'BLANK)) && (S_t3 = 'BLANK))
		goto write_1_33
		else act1_1_33

write_1_33:
	from left_t1_1_29
	S_t3 ^= 'BLANK
	S_t3 ^= 'BLANK
	S_t2 ^= 'BLANK
	S_t2 ^= 'BLANK
	S_t1 ^= 'BLANK
	S_t1 ^= 'BLANK
	assert((((S_t1 = 'BLANK) && (S_t2 = 'BLANK)) && (S_t3 = 'BLANK)))
	goto act1_1_37

act1_1_37:
	fi (((S_t1 = '1) && (S_t2 = 'BLANK)) && (S_t3 = 'BLANK))
		from act1_1_45
		else write_1_33
	goto act1_1_39

act1_1_39:
	fi (((S_t1 = '0) && (S_t2 = 'BLANK)) && (S_t3 = 'BLANK))
		from write_1_78
		else act1_1_37
	if ((S_right_t1 = 'nil) && (S_t1 = 'BLANK))
		goto right_2b_t1_1_41
		else right_2p_t1_1_41

right_2b_t1_1_41:
	from act1_1_39
	S_t1 ^= 'BLANK
	goto right1_t1_1_41

right1_t1_1_41:
	fi (S_right_t1 = 'nil)
		from right_2b_t1_1_41
		else right_2p_t1_1_41
	if (S_left_t1 = 'nil)
		goto right_1b_t1_1_41
		else right_1p_t1_1_41

right_1b_t1_1_41:
	from right1_t1_1_41
	S_t1 ^= 'BLANK
	goto right_t1_1_41

right_t1_1_41:
	fi ((S_left_t1 = 'nil) && (S_t1 = 'BLANK))
		from right_1b_t1_1_41
		else right_1p_t1_1_41
	assert(!((((S_t1 = 'SLASH) && (S_t2 = 'SLASH)) && (S_t3 = 'SLASH))))
	if (((S_t1 = 'BLANK) && (S_t2 = 'BLANK)) && (S_t3 = 'BLANK))
		goto write_1_45
		else act1_1_45

write_1_45:
	from right_t1_1_41
	S_t3 ^= 'BLANK
	S_t3 ^= 'BLANK
	S_t2 ^= 'BLANK
	S_t2 ^= 'BLANK
	S_t1 ^= 'BLANK
	S_t1 ^= 'BLANK
	assert((((S_t1 = 'BLANK) && (S_t2 = 'BLANK)) && (S_t3 = 'BLANK)))
	'BLANK <- S_t3
	'BLANK <- S_t2
	'BLANK <- S_t1
	exit

act1_1_45:
	from right_t1_1_41
	assert((((S_t1 = '0) && (S_t2 = 'BLANK)) && (S_t3 = 'BLANK)))
	S_t3 ^= 'BLANK
	S_t3 ^= 'BLANK
	S_t2 ^= 'BLANK
	S_t2 ^= 'BLANK
	S_t1 ^= '0
	S_t1 ^= '1
	goto act1_1_37

right_1p_t1_1_41:
	from right1_t1_1_41
	(S_t1 . S_left_t1) <- S_left_t1
	goto right_t1_1_41

right_2p_t1_1_41:
	from act1_1_39
	S_right_t1 <- (S_t1 . S_right_t1)
	goto right1_t1_1_41

act1_1_33:
	from left_t1_1_29
	if (((S_t1 = '1) && (S_t2 = 'BLANK)) && (S_t3 = 'BLANK))
		goto write_1_78
		else act1_1_78

write_1_78:
	from act1_1_33
	S_t3 ^= 'BLANK
	S_t3 ^= 'BLANK
	S_t2 ^= 'BLANK
	S_t2 ^= 'BLANK
	S_t1 ^= '1
	S_t1 ^= '0
	goto act1_1_39

act1_1_78:
	from act1_1_33
	assert((((S_t1 = '0) && (S_t2 = 'BLANK)) && (S_t3 = 'BLANK)))
	S_t3 ^= 'BLANK
	S_t3 ^= 'BLANK
	S_t2 ^= 'BLANK
	S_t2 ^= 'BLANK
	S_t1 ^= '0
	S_t1 ^= '0
	goto act1_1_27

left_1p_t1_1_29:
	from left1_t1_1_29
	(S_t1 . S_right_t1) <- S_right_t1
	goto left_t1_1_29

left_2p_t1_1_29:
	from act1_1_27
	S_left_t1 <- (S_t1 . S_left_t1)
	goto left1_t1_1_29
