(S_right_t1 S_right_t2 S_right_t3) -> (S_right_t1 S_right_t2 S_right_t3) with (S_t1 S_t2 S_t3 S_left_t1 S_left_t2 S_left_t3)

init_1:
	entry
	S_t1 <- 'BLANK
	S_t2 <- 'BLANK
	S_t3 <- 'BLANK
	assert((((S_t1 = 'BLANK) && (S_t2 = 'BLANK)) && (S_t3 = 'BLANK)))
	S_t3 ^= 'BLANK
	S_t3 ^= 'BLANK
	S_t2 ^= 'BLANK
	S_t2 ^= 'BLANK
	S_t1 ^= 'BLANK
	S_t1 ^= 'BLANK
	assert((((S_t1 = 'BLANK) && (S_t2 = 'BLANK)) && (S_t3 = 'BLANK)))
	goto act1_1_54

act1_1_54:
	fi (((S_t1 = '0) && (S_t2 = 'BLANK)) && (S_t3 = 'BLANK))
		from write_1_155
		else init_1
	if ((S_left_t1 = 'nil) && (S_t1 = 'BLANK))
		goto left_2b_t1_1_56
		else left_2p_t1_1_56

left_2b_t1_1_56:
	from act1_1_54
	S_t1 ^= 'BLANK
	goto left1_t1_1_56

left1_t1_1_56:
	fi (S_left_t1 = 'nil)
		from left_2b_t1_1_56
		else left_2p_t1_1_56
	if (S_right_t1 = 'nil)
		goto left_1b_t1_1_56
		else left_1p_t1_1_56

left_1b_t1_1_56:
	from left1_t1_1_56
	S_t1 ^= 'BLANK
	goto left_t1_1_56

left_t1_1_56:
	fi ((S_right_t1 = 'nil) && (S_t1 = 'BLANK))
		from left_1b_t1_1_56
		else left_1p_t1_1_56
	assert(!((((S_t1 = 'SLASH) && (S_t2 = 'SLASH)) && (S_t3 = 'SLASH))))
	if (((S_t1 = 'BLANK) && (S_t2 = 'BLANK)) && (S_t3 = 'BLANK))
		goto write_1_80
		else act1_1_80

write_1_80:
	from left_t1_1_56
	S_t3 ^= 'BLANK
	S_t3 ^= 'BLANK
	S_t2 ^= 'BLANK
	S_t2 ^= 'BLANK
	S_t1 ^= 'BLANK
	S_t1 ^= 'BLANK
	assert((((S_t1 = 'BLANK) && (S_t2 = 'BLANK)) && (S_t3 = 'BLANK)))
	goto act1_1_86

act1_1_86:
	fi (((S_t1 = '1) && (S_t2 = 'BLANK)) && (S_t3 = 'BLANK))
		from act1_1_155
		else write_1_80
	goto act1_1_105

act1_1_105:
	fi (((S_t1 = '0) && (S_t2 = 'BLANK)) && (S_t3 = 'BLANK))
		from act1_1_131
		else act1_1_86
	if ((S_right_t1 = 'nil) && (S_t1 = 'BLANK))
		goto right_2b_t1_1_106
		else right_2p_t1_1_106

right_2b_t1_1_106:
	from act1_1_105
	S_t1 ^= 'BLANK
	goto right1_t1_1_106

right1_t1_1_106:
	fi (S_right_t1 = 'nil)
		from right_2b_t1_1_106
		else right_2p_t1_1_106
	if (S_left_t1 = 'nil)
		goto right_1b_t1_1_106
		else right_1p_t1_1_106

right_1b_t1_1_106:
	from right1_t1_1_106
	S_t1 ^= 'BLANK
	goto right_t1_1_106

right_t1_1_106:
	fi ((S_left_t1 = 'nil) && (S_t1 = 'BLANK))
		from right_1b_t1_1_106
		else right_1p_t1_1_106
	assert(!((((S_t1 = 'SLASH) && (S_t2 = 'SLASH)) && (S_t3 = 'SLASH))))
	if (((S_t1 = 'BLANK) && (S_t2 = 'BLANK)) && (S_t3 = 'BLANK))
		goto write_1_131
		else act1_1_131

write_1_131:
	from right_t1_1_106
	S_t3 ^= 'BLANK
	S_t3 ^= 'BLANK
	S_t2 ^= 'BLANK
	S_t2 ^= 'BLANK
	S_t1 ^= 'BLANK
	S_t1 ^= 'BLANK
	assert((((S_t1 = 'BLANK) && (S_t2 = 'BLANK)) && (S_t3 = 'BLANK)))
	'BLANK <- S_t3
	'BLANK <- S_t2
	'BLANK <- S_t1
	exit

act1_1_131:
	from right_t1_1_106
	assert((((S_t1 = '0) && (S_t2 = 'BLANK)) && (S_t3 = 'BLANK)))
	S_t3 ^= 'BLANK
	S_t3 ^= 'BLANK
	S_t2 ^= 'BLANK
	S_t2 ^= 'BLANK
	S_t1 ^= '0
	S_t1 ^= '0
	goto act1_1_105

right_1p_t1_1_106:
	from right1_t1_1_106
	(S_t1 . S_left_t1) <- S_left_t1
	goto right_t1_1_106

right_2p_t1_1_106:
	from act1_1_105
	S_right_t1 <- (S_t1 . S_right_t1)
	goto right1_t1_1_106

act1_1_80:
	from left_t1_1_56
	if (((S_t1 = '1) && (S_t2 = 'BLANK)) && (S_t3 = 'BLANK))
		goto write_1_155
		else act1_1_155

write_1_155:
	from act1_1_80
	S_t3 ^= 'BLANK
	S_t3 ^= 'BLANK
	S_t2 ^= 'BLANK
	S_t2 ^= 'BLANK
	S_t1 ^= '1
	S_t1 ^= '0
	goto act1_1_54

act1_1_155:
	from act1_1_80
	assert((((S_t1 = '0) && (S_t2 = 'BLANK)) && (S_t3 = 'BLANK)))
	S_t3 ^= 'BLANK
	S_t3 ^= 'BLANK
	S_t2 ^= 'BLANK
	S_t2 ^= 'BLANK
	S_t1 ^= '0
	S_t1 ^= '1
	goto act1_1_86

left_1p_t1_1_56:
	from left1_t1_1_56
	(S_t1 . S_right_t1) <- S_right_t1
	goto left_t1_1_56

left_2p_t1_1_56:
	from act1_1_54
	S_left_t1 <- (S_t1 . S_left_t1)
	goto left1_t1_1_56
