(S_right_t1 S_right_t2 S_right_t3) -> (S_right_t1 S_right_t2 S_right_t3) with (S_t1 S_t2 S_t3 S_left_t1 S_left_t2 S_left_t3)

init_1:
	entry
	S_t1 <- 'BLANK
	S_t2 <- 'BLANK
	S_t3 <- 'BLANK
	assert((((S_t1 = 'BLANK) && (S_t2 = 'BLANK)) && (S_t3 = 'BLANK)))
	S_t1 ^= 'BLANK
	S_t1 ^= 'BLANK
	S_t2 ^= 'BLANK
	S_t2 ^= 'BLANK
	S_t3 ^= 'BLANK
	S_t3 ^= 'BLANK
	goto act2_1_9

act2_1_9:
	fi (((S_t1 = 'BLANK) && (S_t2 = 'BLANK)) && (S_t3 = 'BLANK))
		from init_1
		else write_1_73
	assert(!((((S_t1 = 'SLASH) && (S_t2 = 'SLASH)) && (S_t3 = 'SLASH))))
	if ((S_left_t1 = 'nil) && (S_t1 = 'BLANK))
		goto right_1b_t1_1_13
		else right_1p_t1_1_13

right_1b_t1_1_13:
	from act2_1_9
	S_t1 ^= 'BLANK
	goto right1_t1_1_13

right1_t1_1_13:
	fi (S_left_t1 = 'nil)
		from right_1b_t1_1_13
		else right_1p_t1_1_13
	if (S_right_t1 = 'nil)
		goto right_2b_t1_1_13
		else right_2p_t1_1_13

right_2b_t1_1_13:
	from right1_t1_1_13
	S_t1 ^= 'BLANK
	goto right2_t1_1_13

right2_t1_1_13:
	fi ((S_right_t1 = 'nil) && (S_t1 = 'BLANK))
		from right_2b_t1_1_13
		else right_2p_t1_1_13
	if (((S_t1 = '0) && (S_t2 = 'BLANK)) && (S_t3 = 'BLANK))
		goto write_1_15
		else act2_1_15

write_1_15:
	from right2_t1_1_13
	S_t1 ^= '0
	S_t1 ^= '1
	S_t2 ^= 'BLANK
	S_t2 ^= 'BLANK
	S_t3 ^= 'BLANK
	S_t3 ^= 'BLANK
	goto act2_1_17

act2_1_17:
	fi (((S_t1 = '1) && (S_t2 = 'BLANK)) && (S_t3 = 'BLANK))
		from write_1_15
		else write_1_27
	goto act2_1_21

act2_1_21:
	fi (((S_t1 = 'BLANK) && (S_t2 = 'BLANK)) && (S_t3 = 'BLANK))
		from act2_1_73
		else act2_1_17
	assert(!((((S_t1 = 'SLASH) && (S_t2 = 'SLASH)) && (S_t3 = 'SLASH))))
	if ((S_right_t1 = 'nil) && (S_t1 = 'BLANK))
		goto left_1b_t1_1_25
		else left_1p_t1_1_25

left_1b_t1_1_25:
	from act2_1_21
	S_t1 ^= 'BLANK
	goto left1_t1_1_25

left1_t1_1_25:
	fi (S_right_t1 = 'nil)
		from left_1b_t1_1_25
		else left_1p_t1_1_25
	if (S_left_t1 = 'nil)
		goto left_2b_t1_1_25
		else left_2p_t1_1_25

left_2b_t1_1_25:
	from left1_t1_1_25
	S_t1 ^= 'BLANK
	goto left2_t1_1_25

left2_t1_1_25:
	fi ((S_left_t1 = 'nil) && (S_t1 = 'BLANK))
		from left_2b_t1_1_25
		else left_2p_t1_1_25
	if (((S_t1 = '0) && (S_t2 = 'BLANK)) && (S_t3 = 'BLANK))
		goto write_1_27
		else act2_1_27

write_1_27:
	from left2_t1_1_25
	S_t1 ^= '0
	S_t1 ^= '0
	S_t2 ^= 'BLANK
	S_t2 ^= 'BLANK
	S_t3 ^= 'BLANK
	S_t3 ^= 'BLANK
	assert((((S_t1 = '0) && (S_t2 = 'BLANK)) && (S_t3 = 'BLANK)))
	goto act2_1_17

act2_1_27:
	from left2_t1_1_25
	assert((((S_t1 = 'BLANK) && (S_t2 = 'BLANK)) && (S_t3 = 'BLANK)))
	S_t1 ^= 'BLANK
	S_t1 ^= 'BLANK
	S_t2 ^= 'BLANK
	S_t2 ^= 'BLANK
	S_t3 ^= 'BLANK
	S_t3 ^= 'BLANK
	assert((((S_t1 = 'BLANK) && (S_t2 = 'BLANK)) && (S_t3 = 'BLANK)))
	'BLANK <- S_t1
	'BLANK <- S_t2
	'BLANK <- S_t3
	exit

left_2p_t1_1_25:
	from left1_t1_1_25
	(S_t1 . S_left_t1) <- S_left_t1
	goto left2_t1_1_25

left_1p_t1_1_25:
	from act2_1_21
	S_right_t1 <- (S_t1 . S_right_t1)
	goto left1_t1_1_25

act2_1_15:
	from right2_t1_1_13
	if (((S_t1 = '1) && (S_t2 = 'BLANK)) && (S_t3 = 'BLANK))
		goto write_1_73
		else act2_1_73

write_1_73:
	from act2_1_15
	S_t1 ^= '1
	S_t1 ^= '0
	S_t2 ^= 'BLANK
	S_t2 ^= 'BLANK
	S_t3 ^= 'BLANK
	S_t3 ^= 'BLANK
	assert((((S_t1 = '0) && (S_t2 = 'BLANK)) && (S_t3 = 'BLANK)))
	goto act2_1_9

act2_1_73:
	from act2_1_15
	assert((((S_t1 = 'BLANK) && (S_t2 = 'BLANK)) && (S_t3 = 'BLANK)))
	S_t1 ^= 'BLANK
	S_t1 ^= 'BLANK
	S_t2 ^= 'BLANK
	S_t2 ^= 'BLANK
	S_t3 ^= 'BLANK
	S_t3 ^= 'BLANK
	goto act2_1_21

right_2p_t1_1_13:
	from right1_t1_1_13
	(S_t1 . S_right_t1) <- S_right_t1
	goto right2_t1_1_13

right_1p_t1_1_13:
	from act2_1_9
	S_left_t1 <- (S_t1 . S_left_t1)
	goto right1_t1_1_13
