(S_right_t1 S_right_t2 S_right_t3) -> (S_right_t1 S_right_t2 S_right_t3) with (S_t1 S_t2 S_t3 S_left_t1 S_left_t2 S_left_t3)

init_1:
	entry
	S_t1 <- 'BLANK
	S_t2 <- 'BLANK
	S_t3 <- 'BLANK
	assert((((S_t1 = 'BLANK) && (S_t2 = 'BLANK)) && (S_t3 = 'BLANK)))
	S_t1 ^= 'BLANK
	S_t2 ^= 'BLANK
	S_t3 ^= 'BLANK
	S_t3 ^= 'BLANK
	S_t2 ^= 'BLANK
	S_t1 ^= 'BLANK
	assert((((S_t1 = 'BLANK) && (S_t2 = 'BLANK)) && (S_t3 = 'BLANK)))
	goto symbol2_1_13

symbol2_1_13:
	fi (((S_t1 = 'BLANK) && (S_t2 = 'BLANK)) && (S_t3 = '0))
		from symbol2_1_81
		else init_1
	if ((S_left_t3 = 'nil) && (S_t3 = 'BLANK))
		goto right_1b_t3_1_18
		else right_1p_t3_1_18

right_1b_t3_1_18:
	from symbol2_1_13
	S_t3 ^= 'BLANK
	goto right1_t3_1_18

right1_t3_1_18:
	fi (S_left_t3 = 'nil)
		from right_1b_t3_1_18
		else right_1p_t3_1_18
	if (S_right_t3 = 'nil)
		goto right_2b_t3_1_18
		else right_2p_t3_1_18

right_2b_t3_1_18:
	from right1_t3_1_18
	S_t3 ^= 'BLANK
	goto right2_t3_1_18

right2_t3_1_18:
	fi ((S_right_t3 = 'nil) && (S_t3 = 'BLANK))
		from right_2b_t3_1_18
		else right_2p_t3_1_18
	if (((S_t1 = 'BLANK) && (S_t2 = 'BLANK)) && (S_t3 = 'BLANK))
		goto symbol1_1_22
		else symbol2_1_22

symbol1_1_22:
	from right2_t3_1_18
	S_t1 ^= 'BLANK
	S_t2 ^= 'BLANK
	S_t3 ^= 'BLANK
	S_t3 ^= 'BLANK
	S_t2 ^= 'BLANK
	S_t1 ^= 'BLANK
	goto symbol2_1_24

symbol2_1_24:
	fi (((S_t1 = 'BLANK) && (S_t2 = 'BLANK)) && (S_t3 = 'BLANK))
		from symbol1_1_22
		else symbol1_1_37
	goto symbol2_1_28

symbol2_1_28:
	fi (((S_t1 = 'BLANK) && (S_t2 = 'BLANK)) && (S_t3 = '0))
		from symbol1_1_81
		else symbol2_1_24
	if ((S_right_t3 = 'nil) && (S_t3 = 'BLANK))
		goto left_1b_t3_1_33
		else left_1p_t3_1_33

left_1b_t3_1_33:
	from symbol2_1_28
	S_t3 ^= 'BLANK
	goto left1_t3_1_33

left1_t3_1_33:
	fi (S_right_t3 = 'nil)
		from left_1b_t3_1_33
		else left_1p_t3_1_33
	if (S_left_t3 = 'nil)
		goto left_2b_t3_1_33
		else left_2p_t3_1_33

left_2b_t3_1_33:
	from left1_t3_1_33
	S_t3 ^= 'BLANK
	goto left2_t3_1_33

left2_t3_1_33:
	fi ((S_left_t3 = 'nil) && (S_t3 = 'BLANK))
		from left_2b_t3_1_33
		else left_2p_t3_1_33
	if (((S_t1 = 'BLANK) && (S_t2 = 'BLANK)) && (S_t3 = '0))
		goto symbol1_1_37
		else symbol2_1_37

symbol1_1_37:
	from left2_t3_1_33
	S_t1 ^= 'BLANK
	S_t2 ^= 'BLANK
	S_t3 ^= '0
	S_t3 ^= '1
	S_t2 ^= 'BLANK
	S_t1 ^= 'BLANK
	assert((((S_t1 = 'BLANK) && (S_t2 = 'BLANK)) && (S_t3 = '1)))
	goto symbol2_1_24

symbol2_1_37:
	from left2_t3_1_33
	assert((((S_t1 = 'BLANK) && (S_t2 = 'BLANK)) && (S_t3 = 'BLANK)))
	S_t1 ^= 'BLANK
	S_t2 ^= 'BLANK
	S_t3 ^= 'BLANK
	S_t3 ^= 'BLANK
	S_t2 ^= 'BLANK
	S_t1 ^= 'BLANK
	assert((((S_t1 = 'BLANK) && (S_t2 = 'BLANK)) && (S_t3 = 'BLANK)))
	S_t3 ^= 'BLANK
	S_t2 ^= 'BLANK
	S_t1 ^= 'BLANK
	exit

left_2p_t3_1_33:
	from left1_t3_1_33
	(S_t3 . S_left_t3) <- S_left_t3
	goto left2_t3_1_33

left_1p_t3_1_33:
	from symbol2_1_28
	S_right_t3 <- (S_t3 . S_right_t3)
	goto left1_t3_1_33

symbol2_1_22:
	from right2_t3_1_18
	if (((S_t1 = 'BLANK) && (S_t2 = 'BLANK)) && (S_t3 = '1))
		goto symbol1_1_81
		else symbol2_1_81

symbol1_1_81:
	from symbol2_1_22
	S_t1 ^= 'BLANK
	S_t2 ^= 'BLANK
	S_t3 ^= '1
	S_t3 ^= '0
	S_t2 ^= 'BLANK
	S_t1 ^= 'BLANK
	goto symbol2_1_28

symbol2_1_81:
	from symbol2_1_22
	assert((((S_t1 = 'BLANK) && (S_t2 = 'BLANK)) && (S_t3 = '0)))
	S_t1 ^= 'BLANK
	S_t2 ^= 'BLANK
	S_t3 ^= '0
	S_t3 ^= '0
	S_t2 ^= 'BLANK
	S_t1 ^= 'BLANK
	goto symbol2_1_13

right_2p_t3_1_18:
	from right1_t3_1_18
	(S_t3 . S_right_t3) <- S_right_t3
	goto right2_t3_1_18

right_1p_t3_1_18:
	from symbol2_1_13
	S_left_t3 <- (S_t3 . S_left_t3)
	goto right1_t3_1_18
